
    Matrix Model Simulator - Learning Edition - Version 1.0.0
    Development on THU-02-JAN-2014 @ 12:26:07
    Copyright (C) 2014, Dark Matter Systems Ltd.  All rights reserved.

    Connection established: MATRIX*CORE - Version 0.5.2

$
$ | Zig Zag Scenario
$
$ trace all off
$ trace display on
$ trace events on
$ trace states on
$
$ initialise all

    Zig:Starting
                    Hold ->
                                Zag:Holding
                    <- Hold
    Zig:Holding
                    Wait ->
                                Zag:Waiting
                    <- Kill
    Zig:Vanish
$
$
$ host pause
Press any key to continue . . .
$
$ exit

        Model Simulation Elapsed Time: 00:00:01

    Disconnected from MATRIX*CORE on THU-02-JAN-2014 @ 12:26:08
